d:\codes\projects\academic\computergraphic\alightgpu\bin\win64\debug\alightgpu.lib
d:\codes\projects\academic\computergraphic\alightgpu\bin\win64\debug\alightgpu.exp
d:\codes\projects\academic\computergraphic\alightgpu\alightgpu\x64\debug\vc141.pdb
d:\codes\projects\academic\computergraphic\alightgpu\alightgpu\x64\debug\vc141.idb
d:\codes\projects\academic\computergraphic\alightgpu\alightgpu\x64\debug\main.obj
d:\codes\projects\academic\computergraphic\alightgpu\alightgpu\x64\debug\boxfilter_cpu.obj
d:\codes\projects\academic\computergraphic\alightgpu\alightgpu\x64\debug\boxfilter.obj
d:\codes\projects\academic\computergraphic\alightgpu\bin\win64\debug\alightgpu.ilk
d:\codes\projects\academic\computergraphic\alightgpu\bin\win64\debug\alightgpu.exe
d:\codes\projects\academic\computergraphic\alightgpu\bin\win64\debug\alightgpu.pdb
d:\codes\projects\academic\computergraphic\alightgpu\alightgpu\x64\debug\boxfilter_kernel.cu.cache
d:\codes\projects\academic\computergraphic\alightgpu\alightgpu\x64\debug\boxfilter_kernel.cu.obj
d:\codes\projects\academic\computergraphic\alightgpu\alightgpu\../bin/win64/debug/alightgpu.exe
d:\codes\projects\academic\computergraphic\alightgpu\alightgpu\x64\debug\alightgpu.tlog\alightgpu.write.1u.tlog
d:\codes\projects\academic\computergraphic\alightgpu\alightgpu\x64\debug\alightgpu.tlog\cl.command.1.tlog
d:\codes\projects\academic\computergraphic\alightgpu\alightgpu\x64\debug\alightgpu.tlog\cl.read.1.tlog
d:\codes\projects\academic\computergraphic\alightgpu\alightgpu\x64\debug\alightgpu.tlog\cl.write.1.tlog
d:\codes\projects\academic\computergraphic\alightgpu\alightgpu\x64\debug\alightgpu.tlog\link.command.1.tlog
d:\codes\projects\academic\computergraphic\alightgpu\alightgpu\x64\debug\alightgpu.tlog\link.delete.1.tlog
d:\codes\projects\academic\computergraphic\alightgpu\alightgpu\x64\debug\alightgpu.tlog\link.read.1.tlog
d:\codes\projects\academic\computergraphic\alightgpu\alightgpu\x64\debug\alightgpu.tlog\link.write.1.tlog
