d:\codes\projects\academic\computergraphic\mycuda2019\bin\win64\debug\alight.lib
d:\codes\projects\academic\computergraphic\mycuda2019\bin\win64\debug\alight.exp
d:\codes\projects\academic\computergraphic\mycuda2019\alight\x64\debug\vc142.pdb
d:\codes\projects\academic\computergraphic\mycuda2019\alight\x64\debug\vc142.idb
d:\codes\projects\academic\computergraphic\mycuda2019\alight\x64\debug\rtsampler.obj
d:\codes\projects\academic\computergraphic\mycuda2019\alight\x64\debug\window.obj
d:\codes\projects\academic\computergraphic\mycuda2019\alight\x64\debug\setting.obj
d:\codes\projects\academic\computergraphic\mycuda2019\alight\x64\debug\scene.obj
d:\codes\projects\academic\computergraphic\mycuda2019\alight\x64\debug\resources.obj
d:\codes\projects\academic\computergraphic\mycuda2019\alight\x64\debug\raytracer.obj
d:\codes\projects\academic\computergraphic\mycuda2019\alight\x64\debug\rasterizer.obj
d:\codes\projects\academic\computergraphic\mycuda2019\alight\x64\debug\engine.obj
d:\codes\projects\academic\computergraphic\mycuda2019\alight\x64\debug\main.obj
d:\codes\projects\academic\computergraphic\mycuda2019\alight\x64\debug\mathhelper.obj
d:\codes\projects\academic\computergraphic\mycuda2019\alight\x64\debug\drand.obj
d:\codes\projects\academic\computergraphic\mycuda2019\alight\x64\debug\bufferobject.obj
x64/debug/devicemanager.cu.obj
x64/debug/float2byte.cu.obj
x64/debug/float3extension.cu.obj
x64/debug/vec3.cu.obj
x64/debug/rtsampler.cu.obj
d:\codes\projects\academic\computergraphic\mycuda2019\bin\win64\debug\alight.exe
d:\codes\projects\academic\computergraphic\mycuda2019\bin\win64\debug\alight.ilk
d:\codes\projects\academic\computergraphic\mycuda2019\bin\win64\debug\alight.pdb
d:\codes\projects\academic\computergraphic\alightgpu\alight\x64\debug\devicemanager.cu.cache
d:\codes\projects\academic\computergraphic\alightgpu\alight\x64\debug\float2byte.cu.cache
d:\codes\projects\academic\computergraphic\alightgpu\alight\x64\debug\float3extension.cu.cache
d:\codes\projects\academic\computergraphic\alightgpu\alight\x64\debug\rtsampler.cu.cache
d:\codes\projects\academic\computergraphic\alightgpu\alight\x64\debug\vec3.cu.cache
d:\codes\projects\academic\computergraphic\alightgpu\alight\x64\debug\alight.device-link.obj
d:\codes\projects\academic\computergraphic\alightgpu\alight\x64\debug\bufferobject.obj
d:\codes\projects\academic\computergraphic\alightgpu\alight\x64\debug\devicemanager.cu.obj
d:\codes\projects\academic\computergraphic\alightgpu\alight\x64\debug\drand.obj
d:\codes\projects\academic\computergraphic\alightgpu\alight\x64\debug\engine.obj
d:\codes\projects\academic\computergraphic\alightgpu\alight\x64\debug\float2byte.cu.obj
d:\codes\projects\academic\computergraphic\alightgpu\alight\x64\debug\float3extension.cu.obj
d:\codes\projects\academic\computergraphic\alightgpu\alight\x64\debug\main.obj
d:\codes\projects\academic\computergraphic\alightgpu\alight\x64\debug\mathhelper.obj
d:\codes\projects\academic\computergraphic\alightgpu\alight\x64\debug\rasterizer.obj
d:\codes\projects\academic\computergraphic\alightgpu\alight\x64\debug\raytracer.obj
d:\codes\projects\academic\computergraphic\alightgpu\alight\x64\debug\resources.obj
d:\codes\projects\academic\computergraphic\alightgpu\alight\x64\debug\rtsampler.cu.obj
d:\codes\projects\academic\computergraphic\alightgpu\alight\x64\debug\rtsampler.obj
d:\codes\projects\academic\computergraphic\alightgpu\alight\x64\debug\scene.obj
d:\codes\projects\academic\computergraphic\alightgpu\alight\x64\debug\setting.obj
d:\codes\projects\academic\computergraphic\alightgpu\alight\x64\debug\vec3.cu.obj
d:\codes\projects\academic\computergraphic\alightgpu\alight\x64\debug\window.obj
d:\codes\projects\academic\computergraphic\alightgpu\alight\x64\debug\vc142.idb
d:\codes\projects\academic\computergraphic\alightgpu\alight\x64\debug\vc142.pdb
d:\codes\projects\academic\computergraphic\alightgpu\alight\../bin/win64/debug/alight.exe
d:\codes\projects\academic\computergraphic\alightgpu\alight\x64\debug\alight.tlog\alight.write.1u.tlog
d:\codes\projects\academic\computergraphic\alightgpu\alight\x64\debug\alight.tlog\cl.command.1.tlog
d:\codes\projects\academic\computergraphic\alightgpu\alight\x64\debug\alight.tlog\cl.read.1.tlog
d:\codes\projects\academic\computergraphic\alightgpu\alight\x64\debug\alight.tlog\cl.write.1.tlog
d:\codes\projects\academic\computergraphic\alightgpu\alight\x64\debug\alight.tlog\cudacompile.read.1u.tlog
d:\codes\projects\academic\computergraphic\alightgpu\alight\x64\debug\alight.tlog\cudacompile.write.1u.tlog
d:\codes\projects\academic\computergraphic\alightgpu\alight\x64\debug\alight.tlog\link.command.1.tlog
d:\codes\projects\academic\computergraphic\alightgpu\alight\x64\debug\alight.tlog\link.read.1.tlog
d:\codes\projects\academic\computergraphic\alightgpu\alight\x64\debug\alight.tlog\link.write.1.tlog
