d:\codes\projects\academic\computergraphic\mycuda2019\bin\win64\release\alight.lib
d:\codes\projects\academic\computergraphic\mycuda2019\bin\win64\release\alight.exp
d:\codes\projects\academic\computergraphic\mycuda2019\alight\x64\release\vc142.pdb
d:\codes\projects\academic\computergraphic\mycuda2019\alight\x64\release\window.obj
d:\codes\projects\academic\computergraphic\mycuda2019\alight\x64\release\setting.obj
d:\codes\projects\academic\computergraphic\mycuda2019\alight\x64\release\scene.obj
d:\codes\projects\academic\computergraphic\mycuda2019\alight\x64\release\resources.obj
d:\codes\projects\academic\computergraphic\mycuda2019\alight\x64\release\raytracer.obj
d:\codes\projects\academic\computergraphic\mycuda2019\alight\x64\release\rasterizer.obj
d:\codes\projects\academic\computergraphic\mycuda2019\alight\x64\release\mathhelper.obj
d:\codes\projects\academic\computergraphic\mycuda2019\alight\x64\release\engine.obj
d:\codes\projects\academic\computergraphic\mycuda2019\alight\x64\release\main.obj
d:\codes\projects\academic\computergraphic\mycuda2019\alight\x64\release\drand.obj
d:\codes\projects\academic\computergraphic\mycuda2019\alight\x64\release\bufferobject.obj
x64/release/devicemanager.cu.obj
x64/release/float2byte.cu.obj
x64/release/float2extension.cu.obj
x64/release/float3extension.cu.obj
x64/release/vec3.cu.obj
x64/release/rtsampler.cu.obj
d:\codes\projects\academic\computergraphic\mycuda2019\bin\win64\release\alight.exe
d:\codes\projects\academic\computergraphic\alightgpu\alight\x64\release\devicemanager.cu.cache
d:\codes\projects\academic\computergraphic\alightgpu\alight\x64\release\float2byte.cu.cache
d:\codes\projects\academic\computergraphic\alightgpu\alight\x64\release\float2extension.cu.cache
d:\codes\projects\academic\computergraphic\alightgpu\alight\x64\release\float3extension.cu.cache
d:\codes\projects\academic\computergraphic\alightgpu\alight\x64\release\rtsampler.cu.cache
d:\codes\projects\academic\computergraphic\alightgpu\alight\x64\release\vec3.cu.cache
d:\codes\projects\academic\computergraphic\alightgpu\alight\x64\release\alight.device-link.obj
d:\codes\projects\academic\computergraphic\alightgpu\alight\x64\release\bufferobject.obj
d:\codes\projects\academic\computergraphic\alightgpu\alight\x64\release\devicemanager.cu.obj
d:\codes\projects\academic\computergraphic\alightgpu\alight\x64\release\drand.obj
d:\codes\projects\academic\computergraphic\alightgpu\alight\x64\release\engine.obj
d:\codes\projects\academic\computergraphic\alightgpu\alight\x64\release\float2byte.cu.obj
d:\codes\projects\academic\computergraphic\alightgpu\alight\x64\release\float2extension.cu.obj
d:\codes\projects\academic\computergraphic\alightgpu\alight\x64\release\float3extension.cu.obj
d:\codes\projects\academic\computergraphic\alightgpu\alight\x64\release\main.obj
d:\codes\projects\academic\computergraphic\alightgpu\alight\x64\release\mathhelper.obj
d:\codes\projects\academic\computergraphic\alightgpu\alight\x64\release\rasterizer.obj
d:\codes\projects\academic\computergraphic\alightgpu\alight\x64\release\raytracer.obj
d:\codes\projects\academic\computergraphic\alightgpu\alight\x64\release\resources.obj
d:\codes\projects\academic\computergraphic\alightgpu\alight\x64\release\rtsampler.cu.obj
d:\codes\projects\academic\computergraphic\alightgpu\alight\x64\release\scene.obj
d:\codes\projects\academic\computergraphic\alightgpu\alight\x64\release\setting.obj
d:\codes\projects\academic\computergraphic\alightgpu\alight\x64\release\vec3.cu.obj
d:\codes\projects\academic\computergraphic\alightgpu\alight\x64\release\window.obj
d:\codes\projects\academic\computergraphic\alightgpu\alight\x64\release\vc142.pdb
d:\codes\projects\academic\computergraphic\alightgpu\alight\x64\release\alight.tlog\alight.write.1u.tlog
d:\codes\projects\academic\computergraphic\alightgpu\alight\x64\release\alight.tlog\cl.command.1.tlog
d:\codes\projects\academic\computergraphic\alightgpu\alight\x64\release\alight.tlog\cl.read.1.tlog
d:\codes\projects\academic\computergraphic\alightgpu\alight\x64\release\alight.tlog\cl.write.1.tlog
d:\codes\projects\academic\computergraphic\alightgpu\alight\x64\release\alight.tlog\cudacompile.read.1u.tlog
d:\codes\projects\academic\computergraphic\alightgpu\alight\x64\release\alight.tlog\cudacompile.write.1u.tlog
d:\codes\projects\academic\computergraphic\alightgpu\alight\x64\release\alight.tlog\link.command.1.tlog
d:\codes\projects\academic\computergraphic\alightgpu\alight\x64\release\alight.tlog\link.read.1.tlog
d:\codes\projects\academic\computergraphic\alightgpu\alight\x64\release\alight.tlog\link.write.1.tlog
