  RayTracer.cpp
  crt/host_defines.h is an internal header file and must not be used directly.  Please use cuda_runtime_api.h or cuda_runtime.h instead.
F:\2019 Summer\Projects\CPP\ALightGPU\ALight\Camera.h(17,34): warning C4244:  “初始化”: 从“double”转换到“float”，可能丢失数据
F:\2019 Summer\Projects\CPP\ALightGPU\ALight\Camera.h(17,21): warning C4244:  “初始化”: 从“double”转换到“const float”，可能丢失数据
F:\2019 Summer\Projects\CPP\ALightGPU\ALight\Camera.h(18,32): warning C4244:  “初始化”: 从“double”转换到“float”，可能丢失数据
F:\2019 Summer\Projects\CPP\ALightGPU\ALight\Camera.h(18,27): warning C4244:  “初始化”: 从“double”转换到“const float”，可能丢失数据
F:\2019 Summer\Projects\CPP\ALightGPU\ALight\Camera.h(18,27): warning C4244: crt/host_defines.h is an internal header file and must not be used directly.  Please use cuda_runtime_api.h or cuda_runtime.h instead.
F:\2019 Summer\Projects\CPP\ALightGPU\ALight\BVH.h(5,20): warning C4099:  “RTDeviceData”: 类型名称以前使用“class”现在使用的是“struct”
F:\2019 Summer\Projects\CPP\ALightGPU\ALight\Material.h(11): message :  参见“RTDeviceData”的声明
F:\2019 Summer\Projects\CPP\ALightGPU\ALight\RTDeviceData.h(16,1): warning C4099:  “RTDeviceData”: 类型名称以前使用“class”现在使用的是“struct”
F:\2019 Summer\Projects\CPP\ALightGPU\ALight\RTDeviceData.h(15): message :  参见“RTDeviceData”的声明
  Window.cpp
F:\2019 Summer\Projects\CPP\ALightGPU\ALight\RTDeviceData.h(42,11): warning C4244:  “初始化”: 从“double”转换到“float”，可能丢失数据
F:\2019 Summer\Projects\CPP\ALightGPU\ALight\RTDeviceData.h(42,11): warning C4244: crt/host_defines.h is an internal header file and must not be used directly.  Please use cuda_runtime_api.h or cuda_runtime.h instead.
F:\2019 Summer\Projects\CPP\ALightGPU\ALight\Camera.h(17,34): warning C4244:  “初始化”: 从“double”转换到“float”，可能丢失数据
F:\2019 Summer\Projects\CPP\ALightGPU\ALight\Camera.h(17,21): warning C4244:  “初始化”: 从“double”转换到“const float”，可能丢失数据
F:\2019 Summer\Projects\CPP\ALightGPU\ALight\Camera.h(18,32): warning C4244:  “初始化”: 从“double”转换到“float”，可能丢失数据
F:\2019 Summer\Projects\CPP\ALightGPU\ALight\Camera.h(18,27): warning C4244:  “初始化”: 从“double”转换到“const float”，可能丢失数据
F:\2019 Summer\Projects\CPP\ALightGPU\ALight\Engine.h(7,23): warning C4305:  “初始化”: 从“double”到“float”截断
F:\2019 Summer\Projects\CPP\ALightGPU\ALight\Window.cpp(54,6): warning C4101:  “mods”: 未引用的局部变量
F:\2019 Summer\Projects\CPP\ALightGPU\ALight\Window.cpp(137,1): warning C4996:  'localtime': This function or variable may be unsafe. Consider using localtime_s instead. To disable deprecation, use _CRT_SECURE_NO_WARNINGS. See online help for details.
C:\Program Files (x86)\Windows Kits\10\Include\10.0.17763.0\ucrt\time.h(506): message :  参见“localtime”的声明
    正在创建库 ../bin/win64/Release/ALight.lib 和对象 ../bin/win64/Release/ALight.exp
  正在生成代码
  已完成代码的生成
  ALight.vcxproj -> F:\2019 Summer\Projects\CPP\ALightGPU\ALight\../bin/win64/Release/ALight.exe
